[2026-07-21T00:24:36.839+0000] {manager.py:483} INFO - Processing files using up to 2 processes at a time 
[2026-07-21T00:24:36.840+0000] {manager.py:484} INFO - Process each file at most once every 30 seconds
[2026-07-21T00:24:36.840+0000] {manager.py:485} INFO - Checking for new files in /opt/airflow/dags every 300 seconds
[2026-07-21T00:24:36.840+0000] {manager.py:821} INFO - Searching for files in /opt/airflow/dags
[2026-07-21T00:24:36.841+0000] {manager.py:824} INFO - There are 1 files in /opt/airflow/dags
[2026-07-21T00:24:36.885+0000] {manager.py:997} INFO - 
================================================================================
DAG File Processing Stats

File Path                                 PID  Runtime      # DAGs    # Errors  Last Runtime    Last Run      Last # of DB Queries
--------------------------------------  -----  ---------  --------  ----------  --------------  ----------  ----------------------
/opt/airflow/dags/painting_pipeline.py    230  0.01s             0           0                                                   0
================================================================================
[2026-07-21T00:25:07.129+0000] {manager.py:997} INFO - 
================================================================================
DAG File Processing Stats

File Path                                 PID  Runtime      # DAGs    # Errors  Last Runtime    Last Run               Last # of DB Queries
--------------------------------------  -----  ---------  --------  ----------  --------------  -------------------  ----------------------
/opt/airflow/dags/painting_pipeline.py    242  0.02s             1           0  0.18s           2026-07-21T00:24:37                      43
================================================================================
[2026-07-21T00:26:53.895+0000] {manager.py:483} INFO - Processing files using up to 2 processes at a time 
[2026-07-21T00:26:53.895+0000] {manager.py:484} INFO - Process each file at most once every 30 seconds
[2026-07-21T00:26:53.896+0000] {manager.py:485} INFO - Checking for new files in /opt/airflow/dags every 300 seconds
[2026-07-21T00:26:53.896+0000] {manager.py:821} INFO - Searching for files in /opt/airflow/dags
[2026-07-21T00:26:53.897+0000] {manager.py:824} INFO - There are 1 files in /opt/airflow/dags
[2026-07-21T00:26:53.929+0000] {manager.py:997} INFO - 
================================================================================
DAG File Processing Stats

File Path                                 PID  Runtime      # DAGs    # Errors  Last Runtime    Last Run      Last # of DB Queries
--------------------------------------  -----  ---------  --------  ----------  --------------  ----------  ----------------------
/opt/airflow/dags/painting_pipeline.py    229  0.01s             0           0                                                   0
================================================================================
[2026-07-21T00:28:11.839+0000] {manager.py:483} INFO - Processing files using up to 2 processes at a time 
[2026-07-21T00:28:11.840+0000] {manager.py:484} INFO - Process each file at most once every 30 seconds
[2026-07-21T00:28:11.840+0000] {manager.py:485} INFO - Checking for new files in /opt/airflow/dags every 300 seconds
[2026-07-21T00:28:11.840+0000] {manager.py:821} INFO - Searching for files in /opt/airflow/dags
[2026-07-21T00:28:11.842+0000] {manager.py:824} INFO - There are 1 files in /opt/airflow/dags
[2026-07-21T00:28:11.872+0000] {manager.py:997} INFO - 
================================================================================
DAG File Processing Stats

File Path                                 PID  Runtime      # DAGs    # Errors  Last Runtime    Last Run      Last # of DB Queries
--------------------------------------  -----  ---------  --------  ----------  --------------  ----------  ----------------------
/opt/airflow/dags/painting_pipeline.py    230  0.01s             0           0                                                   0
================================================================================
[2026-07-21T00:28:42.120+0000] {manager.py:997} INFO - 
================================================================================
DAG File Processing Stats

File Path                                 PID  Runtime      # DAGs    # Errors  Last Runtime    Last Run               Last # of DB Queries
--------------------------------------  -----  ---------  --------  ----------  --------------  -------------------  ----------------------
/opt/airflow/dags/painting_pipeline.py    242  0.01s             1           0  0.06s           2026-07-21T00:28:11                      10
================================================================================
[2026-07-21T00:29:12.419+0000] {manager.py:997} INFO - 
================================================================================
DAG File Processing Stats

File Path                                 PID  Runtime      # DAGs    # Errors  Last Runtime    Last Run               Last # of DB Queries
--------------------------------------  -----  ---------  --------  ----------  --------------  -------------------  ----------------------
/opt/airflow/dags/painting_pipeline.py    254  0.03s             1           0  0.14s           2026-07-21T00:28:42                      10
================================================================================
[2026-07-21T00:29:42.764+0000] {manager.py:997} INFO - 
================================================================================
DAG File Processing Stats

File Path                                 PID  Runtime      # DAGs    # Errors  Last Runtime    Last Run               Last # of DB Queries
--------------------------------------  -----  ---------  --------  ----------  --------------  -------------------  ----------------------
/opt/airflow/dags/painting_pipeline.py    266  0.02s             1           0  0.14s           2026-07-21T00:29:12                      10
================================================================================
[2026-07-21T00:30:13.027+0000] {manager.py:997} INFO - 
================================================================================
DAG File Processing Stats

File Path                                 PID  Runtime      # DAGs    # Errors  Last Runtime    Last Run               Last # of DB Queries
--------------------------------------  -----  ---------  --------  ----------  --------------  -------------------  ----------------------
/opt/airflow/dags/painting_pipeline.py    278  0.02s             1           0  0.08s           2026-07-21T00:29:42                      10
================================================================================
[2026-07-21T00:30:43.297+0000] {manager.py:997} INFO - 
================================================================================
DAG File Processing Stats

File Path                                 PID  Runtime      # DAGs    # Errors  Last Runtime    Last Run               Last # of DB Queries
--------------------------------------  -----  ---------  --------  ----------  --------------  -------------------  ----------------------
/opt/airflow/dags/painting_pipeline.py    290  0.01s             1           0  0.11s           2026-07-21T00:30:13                      10
================================================================================
[2026-07-21T00:31:13.630+0000] {manager.py:997} INFO - 
================================================================================
DAG File Processing Stats

File Path                                 PID  Runtime      # DAGs    # Errors  Last Runtime    Last Run               Last # of DB Queries
--------------------------------------  -----  ---------  --------  ----------  --------------  -------------------  ----------------------
/opt/airflow/dags/painting_pipeline.py    302  0.01s             1           0  0.09s           2026-07-21T00:30:43                      10
================================================================================
[2026-07-21T00:31:43.951+0000] {manager.py:997} INFO - 
================================================================================
DAG File Processing Stats

File Path                                 PID  Runtime      # DAGs    # Errors  Last Runtime    Last Run               Last # of DB Queries
--------------------------------------  -----  ---------  --------  ----------  --------------  -------------------  ----------------------
/opt/airflow/dags/painting_pipeline.py    314  0.01s             1           0  0.08s           2026-07-21T00:31:13                      10
================================================================================
[2026-07-21T00:32:14.254+0000] {manager.py:997} INFO - 
================================================================================
DAG File Processing Stats

File Path                                 PID  Runtime      # DAGs    # Errors  Last Runtime    Last Run               Last # of DB Queries
--------------------------------------  -----  ---------  --------  ----------  --------------  -------------------  ----------------------
/opt/airflow/dags/painting_pipeline.py    326  0.01s             1           0  0.07s           2026-07-21T00:31:44                      10
================================================================================
[2026-07-21T00:32:44.481+0000] {manager.py:997} INFO - 
================================================================================
DAG File Processing Stats

File Path                                 PID  Runtime      # DAGs    # Errors  Last Runtime    Last Run               Last # of DB Queries
--------------------------------------  -----  ---------  --------  ----------  --------------  -------------------  ----------------------
/opt/airflow/dags/painting_pipeline.py    338  0.00s             1           0  0.11s           2026-07-21T00:32:14                      10
================================================================================
[2026-07-21T00:33:12.695+0000] {manager.py:821} INFO - Searching for files in /opt/airflow/dags
[2026-07-21T00:33:12.702+0000] {manager.py:824} INFO - There are 1 files in /opt/airflow/dags
[2026-07-21T00:33:14.745+0000] {manager.py:997} INFO - 
================================================================================
DAG File Processing Stats

File Path                                 PID  Runtime      # DAGs    # Errors  Last Runtime    Last Run               Last # of DB Queries
--------------------------------------  -----  ---------  --------  ----------  --------------  -------------------  ----------------------
/opt/airflow/dags/painting_pipeline.py    350  0.01s             1           0  0.06s           2026-07-21T00:32:44                      10
================================================================================
[2026-07-21T00:33:45.015+0000] {manager.py:997} INFO - 
================================================================================
DAG File Processing Stats

File Path                                 PID  Runtime      # DAGs    # Errors  Last Runtime    Last Run               Last # of DB Queries
--------------------------------------  -----  ---------  --------  ----------  --------------  -------------------  ----------------------
/opt/airflow/dags/painting_pipeline.py    362  0.01s             1           0  0.07s           2026-07-21T00:33:14                      10
================================================================================
[2026-07-21T00:34:15.270+0000] {manager.py:997} INFO - 
================================================================================
DAG File Processing Stats

File Path                                 PID  Runtime      # DAGs    # Errors  Last Runtime    Last Run               Last # of DB Queries
--------------------------------------  -----  ---------  --------  ----------  --------------  -------------------  ----------------------
/opt/airflow/dags/painting_pipeline.py    374  0.01s             1           0  0.10s           2026-07-21T00:33:45                      10
================================================================================
[2026-07-21T00:34:45.551+0000] {manager.py:997} INFO - 
================================================================================
DAG File Processing Stats

File Path                                 PID  Runtime      # DAGs    # Errors  Last Runtime    Last Run               Last # of DB Queries
--------------------------------------  -----  ---------  --------  ----------  --------------  -------------------  ----------------------
/opt/airflow/dags/painting_pipeline.py    386  0.01s             1           0  0.08s           2026-07-21T00:34:15                      10
================================================================================
[2026-07-21T00:35:15.849+0000] {manager.py:997} INFO - 
================================================================================
DAG File Processing Stats

File Path                                 PID  Runtime      # DAGs    # Errors  Last Runtime    Last Run               Last # of DB Queries
--------------------------------------  -----  ---------  --------  ----------  --------------  -------------------  ----------------------
/opt/airflow/dags/painting_pipeline.py    398  0.01s             1           0  0.08s           2026-07-21T00:34:45                      10
================================================================================
[2026-07-21T00:35:46.125+0000] {manager.py:997} INFO - 
================================================================================
DAG File Processing Stats

File Path                                 PID  Runtime      # DAGs    # Errors  Last Runtime    Last Run               Last # of DB Queries
--------------------------------------  -----  ---------  --------  ----------  --------------  -------------------  ----------------------
/opt/airflow/dags/painting_pipeline.py    410  0.01s             1           0  0.06s           2026-07-21T00:35:15                      10
================================================================================
[2026-07-21T00:36:16.373+0000] {manager.py:997} INFO - 
================================================================================
DAG File Processing Stats

File Path                                 PID  Runtime      # DAGs    # Errors  Last Runtime    Last Run               Last # of DB Queries
--------------------------------------  -----  ---------  --------  ----------  --------------  -------------------  ----------------------
/opt/airflow/dags/painting_pipeline.py    422  0.01s             1           0  0.07s           2026-07-21T00:35:46                      10
================================================================================
[2026-07-21T00:36:46.635+0000] {manager.py:997} INFO - 
================================================================================
DAG File Processing Stats

File Path                                 PID  Runtime      # DAGs    # Errors  Last Runtime    Last Run               Last # of DB Queries
--------------------------------------  -----  ---------  --------  ----------  --------------  -------------------  ----------------------
/opt/airflow/dags/painting_pipeline.py    434  0.01s             1           0  0.06s           2026-07-21T00:36:16                      10
================================================================================
[2026-07-21T00:37:16.888+0000] {manager.py:997} INFO - 
================================================================================
DAG File Processing Stats

File Path                                 PID  Runtime      # DAGs    # Errors  Last Runtime    Last Run               Last # of DB Queries
--------------------------------------  -----  ---------  --------  ----------  --------------  -------------------  ----------------------
/opt/airflow/dags/painting_pipeline.py    446  0.01s             1           0  0.07s           2026-07-21T00:36:46                      10
================================================================================
[2026-07-21T00:37:47.170+0000] {manager.py:997} INFO - 
================================================================================
DAG File Processing Stats

File Path                                 PID  Runtime      # DAGs    # Errors  Last Runtime    Last Run               Last # of DB Queries
--------------------------------------  -----  ---------  --------  ----------  --------------  -------------------  ----------------------
/opt/airflow/dags/painting_pipeline.py    458  0.01s             1           0  0.06s           2026-07-21T00:37:16                      10
================================================================================
[2026-07-21T00:38:13.371+0000] {manager.py:821} INFO - Searching for files in /opt/airflow/dags
[2026-07-21T00:38:13.377+0000] {manager.py:824} INFO - There are 1 files in /opt/airflow/dags
[2026-07-21T00:38:17.418+0000] {manager.py:997} INFO - 
================================================================================
DAG File Processing Stats

File Path                                 PID  Runtime      # DAGs    # Errors  Last Runtime    Last Run               Last # of DB Queries
--------------------------------------  -----  ---------  --------  ----------  --------------  -------------------  ----------------------
/opt/airflow/dags/painting_pipeline.py    470  0.00s             1           0  0.09s           2026-07-21T00:37:47                      10
================================================================================
[2026-07-21T00:38:47.687+0000] {manager.py:997} INFO - 
================================================================================
DAG File Processing Stats

File Path                                 PID  Runtime      # DAGs    # Errors  Last Runtime    Last Run               Last # of DB Queries
--------------------------------------  -----  ---------  --------  ----------  --------------  -------------------  ----------------------
/opt/airflow/dags/painting_pipeline.py    481  0.01s             1           0  0.05s           2026-07-21T00:38:17                      10
================================================================================
[2026-07-21T00:39:17.973+0000] {manager.py:997} INFO - 
================================================================================
DAG File Processing Stats

File Path                                 PID  Runtime      # DAGs    # Errors  Last Runtime    Last Run               Last # of DB Queries
--------------------------------------  -----  ---------  --------  ----------  --------------  -------------------  ----------------------
/opt/airflow/dags/painting_pipeline.py    487  0.01s             1           0  0.07s           2026-07-21T00:38:47                      10
================================================================================
[2026-07-21T00:39:48.256+0000] {manager.py:997} INFO - 
================================================================================
DAG File Processing Stats

File Path                                 PID  Runtime      # DAGs    # Errors  Last Runtime    Last Run               Last # of DB Queries
--------------------------------------  -----  ---------  --------  ----------  --------------  -------------------  ----------------------
/opt/airflow/dags/painting_pipeline.py    499  0.02s             1           0  0.08s           2026-07-21T00:39:18                      10
================================================================================
[2026-07-21T00:40:18.519+0000] {manager.py:997} INFO - 
================================================================================
DAG File Processing Stats

File Path                                 PID  Runtime      # DAGs    # Errors  Last Runtime    Last Run               Last # of DB Queries
--------------------------------------  -----  ---------  --------  ----------  --------------  -------------------  ----------------------
/opt/airflow/dags/painting_pipeline.py    511  0.01s             1           0  0.08s           2026-07-21T00:39:48                      10
================================================================================
[2026-07-21T00:40:48.788+0000] {manager.py:997} INFO - 
================================================================================
DAG File Processing Stats

File Path                                 PID  Runtime      # DAGs    # Errors  Last Runtime    Last Run               Last # of DB Queries
--------------------------------------  -----  ---------  --------  ----------  --------------  -------------------  ----------------------
/opt/airflow/dags/painting_pipeline.py    523  0.01s             1           0  0.09s           2026-07-21T00:40:18                      10
================================================================================
[2026-07-21T00:41:19.081+0000] {manager.py:997} INFO - 
================================================================================
DAG File Processing Stats

File Path                                 PID  Runtime      # DAGs    # Errors  Last Runtime    Last Run               Last # of DB Queries
--------------------------------------  -----  ---------  --------  ----------  --------------  -------------------  ----------------------
/opt/airflow/dags/painting_pipeline.py    535  0.00s             1           0  0.07s           2026-07-21T00:40:48                      10
================================================================================
[2026-07-21T00:41:49.360+0000] {manager.py:997} INFO - 
================================================================================
DAG File Processing Stats

File Path                                 PID  Runtime      # DAGs    # Errors  Last Runtime    Last Run               Last # of DB Queries
--------------------------------------  -----  ---------  --------  ----------  --------------  -------------------  ----------------------
/opt/airflow/dags/painting_pipeline.py    547  0.00s             1           0  0.04s           2026-07-21T00:41:19                      10
================================================================================
[2026-07-21T00:42:19.651+0000] {manager.py:997} INFO - 
================================================================================
DAG File Processing Stats

File Path                                 PID  Runtime      # DAGs    # Errors  Last Runtime    Last Run               Last # of DB Queries
--------------------------------------  -----  ---------  --------  ----------  --------------  -------------------  ----------------------
/opt/airflow/dags/painting_pipeline.py    559  0.01s             1           0  0.06s           2026-07-21T00:41:49                      10
================================================================================
[2026-07-21T00:42:49.920+0000] {manager.py:997} INFO - 
================================================================================
DAG File Processing Stats

File Path                                 PID  Runtime      # DAGs    # Errors  Last Runtime    Last Run               Last # of DB Queries
--------------------------------------  -----  ---------  --------  ----------  --------------  -------------------  ----------------------
/opt/airflow/dags/painting_pipeline.py    571  0.00s             1           0  0.08s           2026-07-21T00:42:19                      10
================================================================================
[2026-07-21T00:43:14.111+0000] {manager.py:821} INFO - Searching for files in /opt/airflow/dags
[2026-07-21T00:43:14.119+0000] {manager.py:824} INFO - There are 1 files in /opt/airflow/dags
[2026-07-21T00:43:20.201+0000] {manager.py:997} INFO - 
================================================================================
DAG File Processing Stats

File Path                                 PID  Runtime      # DAGs    # Errors  Last Runtime    Last Run               Last # of DB Queries
--------------------------------------  -----  ---------  --------  ----------  --------------  -------------------  ----------------------
/opt/airflow/dags/painting_pipeline.py    583  0.01s             1           0  0.05s           2026-07-21T00:42:49                      10
================================================================================
[2026-07-21T00:43:50.424+0000] {manager.py:997} INFO - 
================================================================================
DAG File Processing Stats

File Path                                 PID  Runtime      # DAGs    # Errors  Last Runtime    Last Run               Last # of DB Queries
--------------------------------------  -----  ---------  --------  ----------  --------------  -------------------  ----------------------
/opt/airflow/dags/painting_pipeline.py    595  0.01s             1           0  0.08s           2026-07-21T00:43:20                      10
================================================================================
[2026-07-21T00:44:20.785+0000] {manager.py:997} INFO - 
================================================================================
DAG File Processing Stats

File Path                                 PID  Runtime      # DAGs    # Errors  Last Runtime    Last Run               Last # of DB Queries
--------------------------------------  -----  ---------  --------  ----------  --------------  -------------------  ----------------------
/opt/airflow/dags/painting_pipeline.py    607  0.01s             1           0  0.09s           2026-07-21T00:43:50                      10
================================================================================
[2026-07-21T00:44:51.118+0000] {manager.py:997} INFO - 
================================================================================
DAG File Processing Stats

File Path                                 PID  Runtime      # DAGs    # Errors  Last Runtime    Last Run               Last # of DB Queries
--------------------------------------  -----  ---------  --------  ----------  --------------  -------------------  ----------------------
/opt/airflow/dags/painting_pipeline.py    619  0.04s             1           0  0.11s           2026-07-21T00:44:20                      10
================================================================================
[2026-07-21T00:45:21.422+0000] {manager.py:997} INFO - 
================================================================================
DAG File Processing Stats

File Path                                 PID  Runtime      # DAGs    # Errors  Last Runtime    Last Run               Last # of DB Queries
--------------------------------------  -----  ---------  --------  ----------  --------------  -------------------  ----------------------
/opt/airflow/dags/painting_pipeline.py    631  0.01s             1           0  0.14s           2026-07-21T00:44:51                      10
================================================================================
