[2026-07-21T00:24:36.881+0000] {processor.py:186} INFO - Started process (PID=230) to work on /opt/airflow/dags/painting_pipeline.py
[2026-07-21T00:24:36.882+0000] {processor.py:914} INFO - Processing file /opt/airflow/dags/painting_pipeline.py for tasks to queue
[2026-07-21T00:24:36.884+0000] {logging_mixin.py:190} INFO - [2026-07-21T00:24:36.884+0000] {dagbag.py:588} INFO - Filling up the DagBag from /opt/airflow/dags/painting_pipeline.py
[2026-07-21T00:24:36.907+0000] {processor.py:925} INFO - DAG(s) 'painting_pipeline' retrieved from /opt/airflow/dags/painting_pipeline.py
[2026-07-21T00:24:37.016+0000] {logging_mixin.py:190} INFO - [2026-07-21T00:24:37.015+0000] {override.py:1912} INFO - Created Permission View: can delete on DAG:painting_pipeline
[2026-07-21T00:24:37.020+0000] {logging_mixin.py:190} INFO - [2026-07-21T00:24:37.020+0000] {override.py:1912} INFO - Created Permission View: can edit on DAG:painting_pipeline
[2026-07-21T00:24:37.022+0000] {logging_mixin.py:190} INFO - [2026-07-21T00:24:37.021+0000] {override.py:1912} INFO - Created Permission View: can read on DAG:painting_pipeline
[2026-07-21T00:24:37.023+0000] {logging_mixin.py:190} INFO - [2026-07-21T00:24:37.023+0000] {override.py:1912} INFO - Created Permission View: menu access on DAG Run:painting_pipeline
[2026-07-21T00:24:37.026+0000] {logging_mixin.py:190} INFO - [2026-07-21T00:24:37.026+0000] {override.py:1912} INFO - Created Permission View: can delete on DAG Run:painting_pipeline
[2026-07-21T00:24:37.028+0000] {logging_mixin.py:190} INFO - [2026-07-21T00:24:37.028+0000] {override.py:1912} INFO - Created Permission View: can create on DAG Run:painting_pipeline
[2026-07-21T00:24:37.030+0000] {logging_mixin.py:190} INFO - [2026-07-21T00:24:37.030+0000] {override.py:1912} INFO - Created Permission View: can read on DAG Run:painting_pipeline
[2026-07-21T00:24:37.030+0000] {logging_mixin.py:190} INFO - [2026-07-21T00:24:37.030+0000] {dag.py:3239} INFO - Sync 1 DAGs
[2026-07-21T00:24:37.037+0000] {logging_mixin.py:190} INFO - [2026-07-21T00:24:37.037+0000] {dag.py:3262} INFO - Creating ORM DAG for painting_pipeline
[2026-07-21T00:24:37.038+0000] {logging_mixin.py:190} INFO - [2026-07-21T00:24:37.038+0000] {dag.py:4180} INFO - Setting next_dagrun for painting_pipeline to None, run_after=None
[2026-07-21T00:24:37.048+0000] {processor.py:208} INFO - Processing /opt/airflow/dags/painting_pipeline.py took 0.171 seconds
[2026-07-21T00:25:07.149+0000] {processor.py:186} INFO - Started process (PID=242) to work on /opt/airflow/dags/painting_pipeline.py
[2026-07-21T00:25:07.150+0000] {processor.py:914} INFO - Processing file /opt/airflow/dags/painting_pipeline.py for tasks to queue
[2026-07-21T00:25:07.153+0000] {logging_mixin.py:190} INFO - [2026-07-21T00:25:07.153+0000] {dagbag.py:588} INFO - Filling up the DagBag from /opt/airflow/dags/painting_pipeline.py
[2026-07-21T00:25:07.162+0000] {processor.py:925} INFO - DAG(s) 'painting_pipeline' retrieved from /opt/airflow/dags/painting_pipeline.py
[2026-07-21T00:25:07.193+0000] {logging_mixin.py:190} INFO - [2026-07-21T00:25:07.191+0000] {dag.py:3239} INFO - Sync 1 DAGs
[2026-07-21T00:25:07.248+0000] {logging_mixin.py:190} INFO - [2026-07-21T00:25:07.248+0000] {dag.py:4180} INFO - Setting next_dagrun for painting_pipeline to None, run_after=None
[2026-07-21T00:25:07.271+0000] {processor.py:208} INFO - Processing /opt/airflow/dags/painting_pipeline.py took 0.137 seconds
[2026-07-21T00:26:53.926+0000] {processor.py:186} INFO - Started process (PID=229) to work on /opt/airflow/dags/painting_pipeline.py
[2026-07-21T00:26:53.927+0000] {processor.py:914} INFO - Processing file /opt/airflow/dags/painting_pipeline.py for tasks to queue
[2026-07-21T00:26:53.928+0000] {logging_mixin.py:190} INFO - [2026-07-21T00:26:53.928+0000] {dagbag.py:588} INFO - Filling up the DagBag from /opt/airflow/dags/painting_pipeline.py
[2026-07-21T00:26:53.938+0000] {processor.py:925} INFO - DAG(s) 'painting_pipeline' retrieved from /opt/airflow/dags/painting_pipeline.py
[2026-07-21T00:26:53.957+0000] {logging_mixin.py:190} INFO - [2026-07-21T00:26:53.957+0000] {dag.py:3239} INFO - Sync 1 DAGs
[2026-07-21T00:26:53.964+0000] {logging_mixin.py:190} INFO - [2026-07-21T00:26:53.964+0000] {dag.py:4180} INFO - Setting next_dagrun for painting_pipeline to None, run_after=None
[2026-07-21T00:26:53.970+0000] {processor.py:208} INFO - Processing /opt/airflow/dags/painting_pipeline.py took 0.047 seconds
[2026-07-21T00:28:11.869+0000] {processor.py:186} INFO - Started process (PID=230) to work on /opt/airflow/dags/painting_pipeline.py
[2026-07-21T00:28:11.870+0000] {processor.py:914} INFO - Processing file /opt/airflow/dags/painting_pipeline.py for tasks to queue
[2026-07-21T00:28:11.873+0000] {logging_mixin.py:190} INFO - [2026-07-21T00:28:11.873+0000] {dagbag.py:588} INFO - Filling up the DagBag from /opt/airflow/dags/painting_pipeline.py
[2026-07-21T00:28:11.884+0000] {processor.py:925} INFO - DAG(s) 'painting_pipeline' retrieved from /opt/airflow/dags/painting_pipeline.py
[2026-07-21T00:28:11.906+0000] {logging_mixin.py:190} INFO - [2026-07-21T00:28:11.906+0000] {dag.py:3239} INFO - Sync 1 DAGs
[2026-07-21T00:28:11.913+0000] {logging_mixin.py:190} INFO - [2026-07-21T00:28:11.913+0000] {dag.py:4180} INFO - Setting next_dagrun for painting_pipeline to None, run_after=None
[2026-07-21T00:28:11.920+0000] {processor.py:208} INFO - Processing /opt/airflow/dags/painting_pipeline.py took 0.054 seconds
[2026-07-21T00:28:42.141+0000] {processor.py:186} INFO - Started process (PID=242) to work on /opt/airflow/dags/painting_pipeline.py
[2026-07-21T00:28:42.143+0000] {processor.py:914} INFO - Processing file /opt/airflow/dags/painting_pipeline.py for tasks to queue
[2026-07-21T00:28:42.148+0000] {logging_mixin.py:190} INFO - [2026-07-21T00:28:42.147+0000] {dagbag.py:588} INFO - Filling up the DagBag from /opt/airflow/dags/painting_pipeline.py
[2026-07-21T00:28:42.162+0000] {processor.py:925} INFO - DAG(s) 'painting_pipeline' retrieved from /opt/airflow/dags/painting_pipeline.py
[2026-07-21T00:28:42.195+0000] {logging_mixin.py:190} INFO - [2026-07-21T00:28:42.194+0000] {dag.py:3239} INFO - Sync 1 DAGs
[2026-07-21T00:28:42.216+0000] {logging_mixin.py:190} INFO - [2026-07-21T00:28:42.216+0000] {dag.py:4180} INFO - Setting next_dagrun for painting_pipeline to None, run_after=None
[2026-07-21T00:28:42.235+0000] {processor.py:208} INFO - Processing /opt/airflow/dags/painting_pipeline.py took 0.104 seconds
[2026-07-21T00:29:12.435+0000] {processor.py:186} INFO - Started process (PID=254) to work on /opt/airflow/dags/painting_pipeline.py
[2026-07-21T00:29:12.437+0000] {processor.py:914} INFO - Processing file /opt/airflow/dags/painting_pipeline.py for tasks to queue
[2026-07-21T00:29:12.440+0000] {logging_mixin.py:190} INFO - [2026-07-21T00:29:12.440+0000] {dagbag.py:588} INFO - Filling up the DagBag from /opt/airflow/dags/painting_pipeline.py
[2026-07-21T00:29:12.453+0000] {processor.py:925} INFO - DAG(s) 'painting_pipeline' retrieved from /opt/airflow/dags/painting_pipeline.py
[2026-07-21T00:29:12.494+0000] {logging_mixin.py:190} INFO - [2026-07-21T00:29:12.494+0000] {dag.py:3239} INFO - Sync 1 DAGs
[2026-07-21T00:29:12.506+0000] {logging_mixin.py:190} INFO - [2026-07-21T00:29:12.505+0000] {dag.py:4180} INFO - Setting next_dagrun for painting_pipeline to None, run_after=None
[2026-07-21T00:29:12.520+0000] {processor.py:208} INFO - Processing /opt/airflow/dags/painting_pipeline.py took 0.095 seconds
[2026-07-21T00:29:42.777+0000] {processor.py:186} INFO - Started process (PID=266) to work on /opt/airflow/dags/painting_pipeline.py
[2026-07-21T00:29:42.779+0000] {processor.py:914} INFO - Processing file /opt/airflow/dags/painting_pipeline.py for tasks to queue
[2026-07-21T00:29:42.781+0000] {logging_mixin.py:190} INFO - [2026-07-21T00:29:42.781+0000] {dagbag.py:588} INFO - Filling up the DagBag from /opt/airflow/dags/painting_pipeline.py
[2026-07-21T00:29:42.790+0000] {processor.py:925} INFO - DAG(s) 'painting_pipeline' retrieved from /opt/airflow/dags/painting_pipeline.py
[2026-07-21T00:29:42.810+0000] {logging_mixin.py:190} INFO - [2026-07-21T00:29:42.810+0000] {dag.py:3239} INFO - Sync 1 DAGs
[2026-07-21T00:29:42.817+0000] {logging_mixin.py:190} INFO - [2026-07-21T00:29:42.817+0000] {dag.py:4180} INFO - Setting next_dagrun for painting_pipeline to None, run_after=None
[2026-07-21T00:29:42.824+0000] {processor.py:208} INFO - Processing /opt/airflow/dags/painting_pipeline.py took 0.054 seconds
[2026-07-21T00:30:13.055+0000] {processor.py:186} INFO - Started process (PID=278) to work on /opt/airflow/dags/painting_pipeline.py
[2026-07-21T00:30:13.056+0000] {processor.py:914} INFO - Processing file /opt/airflow/dags/painting_pipeline.py for tasks to queue
[2026-07-21T00:30:13.058+0000] {logging_mixin.py:190} INFO - [2026-07-21T00:30:13.058+0000] {dagbag.py:588} INFO - Filling up the DagBag from /opt/airflow/dags/painting_pipeline.py
[2026-07-21T00:30:13.069+0000] {processor.py:925} INFO - DAG(s) 'painting_pipeline' retrieved from /opt/airflow/dags/painting_pipeline.py
[2026-07-21T00:30:13.093+0000] {logging_mixin.py:190} INFO - [2026-07-21T00:30:13.093+0000] {dag.py:3239} INFO - Sync 1 DAGs
[2026-07-21T00:30:13.103+0000] {logging_mixin.py:190} INFO - [2026-07-21T00:30:13.103+0000] {dag.py:4180} INFO - Setting next_dagrun for painting_pipeline to None, run_after=None
[2026-07-21T00:30:13.116+0000] {processor.py:208} INFO - Processing /opt/airflow/dags/painting_pipeline.py took 0.070 seconds
[2026-07-21T00:30:43.313+0000] {processor.py:186} INFO - Started process (PID=290) to work on /opt/airflow/dags/painting_pipeline.py
[2026-07-21T00:30:43.314+0000] {processor.py:914} INFO - Processing file /opt/airflow/dags/painting_pipeline.py for tasks to queue
[2026-07-21T00:30:43.316+0000] {logging_mixin.py:190} INFO - [2026-07-21T00:30:43.316+0000] {dagbag.py:588} INFO - Filling up the DagBag from /opt/airflow/dags/painting_pipeline.py
[2026-07-21T00:30:43.327+0000] {processor.py:925} INFO - DAG(s) 'painting_pipeline' retrieved from /opt/airflow/dags/painting_pipeline.py
[2026-07-21T00:30:43.352+0000] {logging_mixin.py:190} INFO - [2026-07-21T00:30:43.352+0000] {dag.py:3239} INFO - Sync 1 DAGs
[2026-07-21T00:30:43.361+0000] {logging_mixin.py:190} INFO - [2026-07-21T00:30:43.361+0000] {dag.py:4180} INFO - Setting next_dagrun for painting_pipeline to None, run_after=None
[2026-07-21T00:30:43.371+0000] {processor.py:208} INFO - Processing /opt/airflow/dags/painting_pipeline.py took 0.067 seconds
[2026-07-21T00:31:13.640+0000] {processor.py:186} INFO - Started process (PID=302) to work on /opt/airflow/dags/painting_pipeline.py
[2026-07-21T00:31:13.641+0000] {processor.py:914} INFO - Processing file /opt/airflow/dags/painting_pipeline.py for tasks to queue
[2026-07-21T00:31:13.643+0000] {logging_mixin.py:190} INFO - [2026-07-21T00:31:13.643+0000] {dagbag.py:588} INFO - Filling up the DagBag from /opt/airflow/dags/painting_pipeline.py
[2026-07-21T00:31:13.651+0000] {processor.py:925} INFO - DAG(s) 'painting_pipeline' retrieved from /opt/airflow/dags/painting_pipeline.py
[2026-07-21T00:31:13.675+0000] {logging_mixin.py:190} INFO - [2026-07-21T00:31:13.675+0000] {dag.py:3239} INFO - Sync 1 DAGs
[2026-07-21T00:31:13.686+0000] {logging_mixin.py:190} INFO - [2026-07-21T00:31:13.686+0000] {dag.py:4180} INFO - Setting next_dagrun for painting_pipeline to None, run_after=None
[2026-07-21T00:31:13.699+0000] {processor.py:208} INFO - Processing /opt/airflow/dags/painting_pipeline.py took 0.065 seconds
[2026-07-21T00:31:43.965+0000] {processor.py:186} INFO - Started process (PID=314) to work on /opt/airflow/dags/painting_pipeline.py
[2026-07-21T00:31:43.966+0000] {processor.py:914} INFO - Processing file /opt/airflow/dags/painting_pipeline.py for tasks to queue
[2026-07-21T00:31:43.969+0000] {logging_mixin.py:190} INFO - [2026-07-21T00:31:43.969+0000] {dagbag.py:588} INFO - Filling up the DagBag from /opt/airflow/dags/painting_pipeline.py
[2026-07-21T00:31:43.979+0000] {processor.py:925} INFO - DAG(s) 'painting_pipeline' retrieved from /opt/airflow/dags/painting_pipeline.py
[2026-07-21T00:31:43.998+0000] {logging_mixin.py:190} INFO - [2026-07-21T00:31:43.998+0000] {dag.py:3239} INFO - Sync 1 DAGs
[2026-07-21T00:31:44.005+0000] {logging_mixin.py:190} INFO - [2026-07-21T00:31:44.004+0000] {dag.py:4180} INFO - Setting next_dagrun for painting_pipeline to None, run_after=None
[2026-07-21T00:31:44.011+0000] {processor.py:208} INFO - Processing /opt/airflow/dags/painting_pipeline.py took 0.053 seconds
[2026-07-21T00:32:14.268+0000] {processor.py:186} INFO - Started process (PID=326) to work on /opt/airflow/dags/painting_pipeline.py
[2026-07-21T00:32:14.270+0000] {processor.py:914} INFO - Processing file /opt/airflow/dags/painting_pipeline.py for tasks to queue
[2026-07-21T00:32:14.273+0000] {logging_mixin.py:190} INFO - [2026-07-21T00:32:14.273+0000] {dagbag.py:588} INFO - Filling up the DagBag from /opt/airflow/dags/painting_pipeline.py
[2026-07-21T00:32:14.288+0000] {processor.py:925} INFO - DAG(s) 'painting_pipeline' retrieved from /opt/airflow/dags/painting_pipeline.py
[2026-07-21T00:32:14.320+0000] {logging_mixin.py:190} INFO - [2026-07-21T00:32:14.320+0000] {dag.py:3239} INFO - Sync 1 DAGs
[2026-07-21T00:32:14.331+0000] {logging_mixin.py:190} INFO - [2026-07-21T00:32:14.331+0000] {dag.py:4180} INFO - Setting next_dagrun for painting_pipeline to None, run_after=None
[2026-07-21T00:32:14.344+0000] {processor.py:208} INFO - Processing /opt/airflow/dags/painting_pipeline.py took 0.083 seconds
[2026-07-21T00:32:44.491+0000] {processor.py:186} INFO - Started process (PID=338) to work on /opt/airflow/dags/painting_pipeline.py
[2026-07-21T00:32:44.492+0000] {processor.py:914} INFO - Processing file /opt/airflow/dags/painting_pipeline.py for tasks to queue
[2026-07-21T00:32:44.494+0000] {logging_mixin.py:190} INFO - [2026-07-21T00:32:44.493+0000] {dagbag.py:588} INFO - Filling up the DagBag from /opt/airflow/dags/painting_pipeline.py
[2026-07-21T00:32:44.502+0000] {processor.py:925} INFO - DAG(s) 'painting_pipeline' retrieved from /opt/airflow/dags/painting_pipeline.py
[2026-07-21T00:32:44.520+0000] {logging_mixin.py:190} INFO - [2026-07-21T00:32:44.520+0000] {dag.py:3239} INFO - Sync 1 DAGs
[2026-07-21T00:32:44.527+0000] {logging_mixin.py:190} INFO - [2026-07-21T00:32:44.527+0000] {dag.py:4180} INFO - Setting next_dagrun for painting_pipeline to None, run_after=None
[2026-07-21T00:32:44.533+0000] {processor.py:208} INFO - Processing /opt/airflow/dags/painting_pipeline.py took 0.049 seconds
[2026-07-21T00:33:14.755+0000] {processor.py:186} INFO - Started process (PID=350) to work on /opt/airflow/dags/painting_pipeline.py
[2026-07-21T00:33:14.756+0000] {processor.py:914} INFO - Processing file /opt/airflow/dags/painting_pipeline.py for tasks to queue
[2026-07-21T00:33:14.758+0000] {logging_mixin.py:190} INFO - [2026-07-21T00:33:14.758+0000] {dagbag.py:588} INFO - Filling up the DagBag from /opt/airflow/dags/painting_pipeline.py
[2026-07-21T00:33:14.767+0000] {processor.py:925} INFO - DAG(s) 'painting_pipeline' retrieved from /opt/airflow/dags/painting_pipeline.py
[2026-07-21T00:33:14.785+0000] {logging_mixin.py:190} INFO - [2026-07-21T00:33:14.785+0000] {dag.py:3239} INFO - Sync 1 DAGs
[2026-07-21T00:33:14.792+0000] {logging_mixin.py:190} INFO - [2026-07-21T00:33:14.792+0000] {dag.py:4180} INFO - Setting next_dagrun for painting_pipeline to None, run_after=None
[2026-07-21T00:33:14.800+0000] {processor.py:208} INFO - Processing /opt/airflow/dags/painting_pipeline.py took 0.049 seconds
[2026-07-21T00:33:45.030+0000] {processor.py:186} INFO - Started process (PID=362) to work on /opt/airflow/dags/painting_pipeline.py
[2026-07-21T00:33:45.032+0000] {processor.py:914} INFO - Processing file /opt/airflow/dags/painting_pipeline.py for tasks to queue
[2026-07-21T00:33:45.035+0000] {logging_mixin.py:190} INFO - [2026-07-21T00:33:45.035+0000] {dagbag.py:588} INFO - Filling up the DagBag from /opt/airflow/dags/painting_pipeline.py
[2026-07-21T00:33:45.049+0000] {processor.py:925} INFO - DAG(s) 'painting_pipeline' retrieved from /opt/airflow/dags/painting_pipeline.py
[2026-07-21T00:33:45.072+0000] {logging_mixin.py:190} INFO - [2026-07-21T00:33:45.072+0000] {dag.py:3239} INFO - Sync 1 DAGs
[2026-07-21T00:33:45.080+0000] {logging_mixin.py:190} INFO - [2026-07-21T00:33:45.080+0000] {dag.py:4180} INFO - Setting next_dagrun for painting_pipeline to None, run_after=None
[2026-07-21T00:33:45.091+0000] {processor.py:208} INFO - Processing /opt/airflow/dags/painting_pipeline.py took 0.069 seconds
[2026-07-21T00:34:15.285+0000] {processor.py:186} INFO - Started process (PID=374) to work on /opt/airflow/dags/painting_pipeline.py
[2026-07-21T00:34:15.286+0000] {processor.py:914} INFO - Processing file /opt/airflow/dags/painting_pipeline.py for tasks to queue
[2026-07-21T00:34:15.288+0000] {logging_mixin.py:190} INFO - [2026-07-21T00:34:15.288+0000] {dagbag.py:588} INFO - Filling up the DagBag from /opt/airflow/dags/painting_pipeline.py
[2026-07-21T00:34:15.299+0000] {processor.py:925} INFO - DAG(s) 'painting_pipeline' retrieved from /opt/airflow/dags/painting_pipeline.py
[2026-07-21T00:34:15.320+0000] {logging_mixin.py:190} INFO - [2026-07-21T00:34:15.320+0000] {dag.py:3239} INFO - Sync 1 DAGs
[2026-07-21T00:34:15.328+0000] {logging_mixin.py:190} INFO - [2026-07-21T00:34:15.328+0000] {dag.py:4180} INFO - Setting next_dagrun for painting_pipeline to None, run_after=None
[2026-07-21T00:34:15.336+0000] {processor.py:208} INFO - Processing /opt/airflow/dags/painting_pipeline.py took 0.059 seconds
[2026-07-21T00:34:45.567+0000] {processor.py:186} INFO - Started process (PID=386) to work on /opt/airflow/dags/painting_pipeline.py
[2026-07-21T00:34:45.568+0000] {processor.py:914} INFO - Processing file /opt/airflow/dags/painting_pipeline.py for tasks to queue
[2026-07-21T00:34:45.570+0000] {logging_mixin.py:190} INFO - [2026-07-21T00:34:45.570+0000] {dagbag.py:588} INFO - Filling up the DagBag from /opt/airflow/dags/painting_pipeline.py
[2026-07-21T00:34:45.582+0000] {processor.py:925} INFO - DAG(s) 'painting_pipeline' retrieved from /opt/airflow/dags/painting_pipeline.py
[2026-07-21T00:34:45.602+0000] {logging_mixin.py:190} INFO - [2026-07-21T00:34:45.602+0000] {dag.py:3239} INFO - Sync 1 DAGs
[2026-07-21T00:34:45.610+0000] {logging_mixin.py:190} INFO - [2026-07-21T00:34:45.610+0000] {dag.py:4180} INFO - Setting next_dagrun for painting_pipeline to None, run_after=None
[2026-07-21T00:34:45.618+0000] {processor.py:208} INFO - Processing /opt/airflow/dags/painting_pipeline.py took 0.059 seconds
[2026-07-21T00:35:15.859+0000] {processor.py:186} INFO - Started process (PID=398) to work on /opt/airflow/dags/painting_pipeline.py
[2026-07-21T00:35:15.860+0000] {processor.py:914} INFO - Processing file /opt/airflow/dags/painting_pipeline.py for tasks to queue
[2026-07-21T00:35:15.862+0000] {logging_mixin.py:190} INFO - [2026-07-21T00:35:15.862+0000] {dagbag.py:588} INFO - Filling up the DagBag from /opt/airflow/dags/painting_pipeline.py
[2026-07-21T00:35:15.870+0000] {processor.py:925} INFO - DAG(s) 'painting_pipeline' retrieved from /opt/airflow/dags/painting_pipeline.py
[2026-07-21T00:35:15.886+0000] {logging_mixin.py:190} INFO - [2026-07-21T00:35:15.886+0000] {dag.py:3239} INFO - Sync 1 DAGs
[2026-07-21T00:35:15.892+0000] {logging_mixin.py:190} INFO - [2026-07-21T00:35:15.892+0000] {dag.py:4180} INFO - Setting next_dagrun for painting_pipeline to None, run_after=None
[2026-07-21T00:35:15.899+0000] {processor.py:208} INFO - Processing /opt/airflow/dags/painting_pipeline.py took 0.045 seconds
[2026-07-21T00:35:46.137+0000] {processor.py:186} INFO - Started process (PID=410) to work on /opt/airflow/dags/painting_pipeline.py
[2026-07-21T00:35:46.138+0000] {processor.py:914} INFO - Processing file /opt/airflow/dags/painting_pipeline.py for tasks to queue
[2026-07-21T00:35:46.140+0000] {logging_mixin.py:190} INFO - [2026-07-21T00:35:46.140+0000] {dagbag.py:588} INFO - Filling up the DagBag from /opt/airflow/dags/painting_pipeline.py
[2026-07-21T00:35:46.149+0000] {processor.py:925} INFO - DAG(s) 'painting_pipeline' retrieved from /opt/airflow/dags/painting_pipeline.py
[2026-07-21T00:35:46.167+0000] {logging_mixin.py:190} INFO - [2026-07-21T00:35:46.167+0000] {dag.py:3239} INFO - Sync 1 DAGs
[2026-07-21T00:35:46.174+0000] {logging_mixin.py:190} INFO - [2026-07-21T00:35:46.174+0000] {dag.py:4180} INFO - Setting next_dagrun for painting_pipeline to None, run_after=None
[2026-07-21T00:35:46.180+0000] {processor.py:208} INFO - Processing /opt/airflow/dags/painting_pipeline.py took 0.050 seconds
[2026-07-21T00:36:16.384+0000] {processor.py:186} INFO - Started process (PID=422) to work on /opt/airflow/dags/painting_pipeline.py
[2026-07-21T00:36:16.384+0000] {processor.py:914} INFO - Processing file /opt/airflow/dags/painting_pipeline.py for tasks to queue
[2026-07-21T00:36:16.387+0000] {logging_mixin.py:190} INFO - [2026-07-21T00:36:16.386+0000] {dagbag.py:588} INFO - Filling up the DagBag from /opt/airflow/dags/painting_pipeline.py
[2026-07-21T00:36:16.394+0000] {processor.py:925} INFO - DAG(s) 'painting_pipeline' retrieved from /opt/airflow/dags/painting_pipeline.py
[2026-07-21T00:36:16.412+0000] {logging_mixin.py:190} INFO - [2026-07-21T00:36:16.412+0000] {dag.py:3239} INFO - Sync 1 DAGs
[2026-07-21T00:36:16.419+0000] {logging_mixin.py:190} INFO - [2026-07-21T00:36:16.418+0000] {dag.py:4180} INFO - Setting next_dagrun for painting_pipeline to None, run_after=None
[2026-07-21T00:36:16.425+0000] {processor.py:208} INFO - Processing /opt/airflow/dags/painting_pipeline.py took 0.047 seconds
[2026-07-21T00:36:46.648+0000] {processor.py:186} INFO - Started process (PID=434) to work on /opt/airflow/dags/painting_pipeline.py
[2026-07-21T00:36:46.648+0000] {processor.py:914} INFO - Processing file /opt/airflow/dags/painting_pipeline.py for tasks to queue
[2026-07-21T00:36:46.651+0000] {logging_mixin.py:190} INFO - [2026-07-21T00:36:46.651+0000] {dagbag.py:588} INFO - Filling up the DagBag from /opt/airflow/dags/painting_pipeline.py
[2026-07-21T00:36:46.660+0000] {processor.py:925} INFO - DAG(s) 'painting_pipeline' retrieved from /opt/airflow/dags/painting_pipeline.py
[2026-07-21T00:36:46.678+0000] {logging_mixin.py:190} INFO - [2026-07-21T00:36:46.678+0000] {dag.py:3239} INFO - Sync 1 DAGs
[2026-07-21T00:36:46.686+0000] {logging_mixin.py:190} INFO - [2026-07-21T00:36:46.686+0000] {dag.py:4180} INFO - Setting next_dagrun for painting_pipeline to None, run_after=None
[2026-07-21T00:36:46.692+0000] {processor.py:208} INFO - Processing /opt/airflow/dags/painting_pipeline.py took 0.052 seconds
[2026-07-21T00:37:16.899+0000] {processor.py:186} INFO - Started process (PID=446) to work on /opt/airflow/dags/painting_pipeline.py
[2026-07-21T00:37:16.899+0000] {processor.py:914} INFO - Processing file /opt/airflow/dags/painting_pipeline.py for tasks to queue
[2026-07-21T00:37:16.901+0000] {logging_mixin.py:190} INFO - [2026-07-21T00:37:16.901+0000] {dagbag.py:588} INFO - Filling up the DagBag from /opt/airflow/dags/painting_pipeline.py
[2026-07-21T00:37:16.910+0000] {processor.py:925} INFO - DAG(s) 'painting_pipeline' retrieved from /opt/airflow/dags/painting_pipeline.py
[2026-07-21T00:37:16.926+0000] {logging_mixin.py:190} INFO - [2026-07-21T00:37:16.925+0000] {dag.py:3239} INFO - Sync 1 DAGs
[2026-07-21T00:37:16.931+0000] {logging_mixin.py:190} INFO - [2026-07-21T00:37:16.931+0000] {dag.py:4180} INFO - Setting next_dagrun for painting_pipeline to None, run_after=None
[2026-07-21T00:37:16.938+0000] {processor.py:208} INFO - Processing /opt/airflow/dags/painting_pipeline.py took 0.045 seconds
[2026-07-21T00:37:47.184+0000] {processor.py:186} INFO - Started process (PID=458) to work on /opt/airflow/dags/painting_pipeline.py
[2026-07-21T00:37:47.185+0000] {processor.py:914} INFO - Processing file /opt/airflow/dags/painting_pipeline.py for tasks to queue
[2026-07-21T00:37:47.187+0000] {logging_mixin.py:190} INFO - [2026-07-21T00:37:47.186+0000] {dagbag.py:588} INFO - Filling up the DagBag from /opt/airflow/dags/painting_pipeline.py
[2026-07-21T00:37:47.196+0000] {processor.py:925} INFO - DAG(s) 'painting_pipeline' retrieved from /opt/airflow/dags/painting_pipeline.py
[2026-07-21T00:37:47.221+0000] {logging_mixin.py:190} INFO - [2026-07-21T00:37:47.221+0000] {dag.py:3239} INFO - Sync 1 DAGs
[2026-07-21T00:37:47.234+0000] {logging_mixin.py:190} INFO - [2026-07-21T00:37:47.234+0000] {dag.py:4180} INFO - Setting next_dagrun for painting_pipeline to None, run_after=None
[2026-07-21T00:37:47.242+0000] {processor.py:208} INFO - Processing /opt/airflow/dags/painting_pipeline.py took 0.065 seconds
[2026-07-21T00:38:17.425+0000] {processor.py:186} INFO - Started process (PID=470) to work on /opt/airflow/dags/painting_pipeline.py
[2026-07-21T00:38:17.426+0000] {processor.py:914} INFO - Processing file /opt/airflow/dags/painting_pipeline.py for tasks to queue
[2026-07-21T00:38:17.427+0000] {logging_mixin.py:190} INFO - [2026-07-21T00:38:17.427+0000] {dagbag.py:588} INFO - Filling up the DagBag from /opt/airflow/dags/painting_pipeline.py
[2026-07-21T00:38:17.434+0000] {processor.py:925} INFO - DAG(s) 'painting_pipeline' retrieved from /opt/airflow/dags/painting_pipeline.py
[2026-07-21T00:38:17.449+0000] {logging_mixin.py:190} INFO - [2026-07-21T00:38:17.449+0000] {dag.py:3239} INFO - Sync 1 DAGs
[2026-07-21T00:38:17.456+0000] {logging_mixin.py:190} INFO - [2026-07-21T00:38:17.456+0000] {dag.py:4180} INFO - Setting next_dagrun for painting_pipeline to None, run_after=None
[2026-07-21T00:38:17.463+0000] {processor.py:208} INFO - Processing /opt/airflow/dags/painting_pipeline.py took 0.042 seconds
[2026-07-21T00:38:47.697+0000] {processor.py:186} INFO - Started process (PID=481) to work on /opt/airflow/dags/painting_pipeline.py
[2026-07-21T00:38:47.699+0000] {processor.py:914} INFO - Processing file /opt/airflow/dags/painting_pipeline.py for tasks to queue
[2026-07-21T00:38:47.701+0000] {logging_mixin.py:190} INFO - [2026-07-21T00:38:47.700+0000] {dagbag.py:588} INFO - Filling up the DagBag from /opt/airflow/dags/painting_pipeline.py
[2026-07-21T00:38:47.708+0000] {processor.py:925} INFO - DAG(s) 'painting_pipeline' retrieved from /opt/airflow/dags/painting_pipeline.py
[2026-07-21T00:38:47.727+0000] {logging_mixin.py:190} INFO - [2026-07-21T00:38:47.727+0000] {dag.py:3239} INFO - Sync 1 DAGs
[2026-07-21T00:38:47.735+0000] {logging_mixin.py:190} INFO - [2026-07-21T00:38:47.734+0000] {dag.py:4180} INFO - Setting next_dagrun for painting_pipeline to None, run_after=None
[2026-07-21T00:38:47.742+0000] {processor.py:208} INFO - Processing /opt/airflow/dags/painting_pipeline.py took 0.050 seconds
[2026-07-21T00:39:17.987+0000] {processor.py:186} INFO - Started process (PID=487) to work on /opt/airflow/dags/painting_pipeline.py
[2026-07-21T00:39:17.988+0000] {processor.py:914} INFO - Processing file /opt/airflow/dags/painting_pipeline.py for tasks to queue
[2026-07-21T00:39:17.991+0000] {logging_mixin.py:190} INFO - [2026-07-21T00:39:17.991+0000] {dagbag.py:588} INFO - Filling up the DagBag from /opt/airflow/dags/painting_pipeline.py
[2026-07-21T00:39:18.000+0000] {processor.py:925} INFO - DAG(s) 'painting_pipeline' retrieved from /opt/airflow/dags/painting_pipeline.py
[2026-07-21T00:39:18.020+0000] {logging_mixin.py:190} INFO - [2026-07-21T00:39:18.020+0000] {dag.py:3239} INFO - Sync 1 DAGs
[2026-07-21T00:39:18.027+0000] {logging_mixin.py:190} INFO - [2026-07-21T00:39:18.027+0000] {dag.py:4180} INFO - Setting next_dagrun for painting_pipeline to None, run_after=None
[2026-07-21T00:39:18.035+0000] {processor.py:208} INFO - Processing /opt/airflow/dags/painting_pipeline.py took 0.058 seconds
[2026-07-21T00:39:48.268+0000] {processor.py:186} INFO - Started process (PID=499) to work on /opt/airflow/dags/painting_pipeline.py
[2026-07-21T00:39:48.269+0000] {processor.py:914} INFO - Processing file /opt/airflow/dags/painting_pipeline.py for tasks to queue
[2026-07-21T00:39:48.271+0000] {logging_mixin.py:190} INFO - [2026-07-21T00:39:48.271+0000] {dagbag.py:588} INFO - Filling up the DagBag from /opt/airflow/dags/painting_pipeline.py
[2026-07-21T00:39:48.279+0000] {processor.py:925} INFO - DAG(s) 'painting_pipeline' retrieved from /opt/airflow/dags/painting_pipeline.py
[2026-07-21T00:39:48.295+0000] {logging_mixin.py:190} INFO - [2026-07-21T00:39:48.295+0000] {dag.py:3239} INFO - Sync 1 DAGs
[2026-07-21T00:39:48.303+0000] {logging_mixin.py:190} INFO - [2026-07-21T00:39:48.303+0000] {dag.py:4180} INFO - Setting next_dagrun for painting_pipeline to None, run_after=None
[2026-07-21T00:39:48.312+0000] {processor.py:208} INFO - Processing /opt/airflow/dags/painting_pipeline.py took 0.049 seconds
[2026-07-21T00:40:18.534+0000] {processor.py:186} INFO - Started process (PID=511) to work on /opt/airflow/dags/painting_pipeline.py
[2026-07-21T00:40:18.536+0000] {processor.py:914} INFO - Processing file /opt/airflow/dags/painting_pipeline.py for tasks to queue
[2026-07-21T00:40:18.538+0000] {logging_mixin.py:190} INFO - [2026-07-21T00:40:18.538+0000] {dagbag.py:588} INFO - Filling up the DagBag from /opt/airflow/dags/painting_pipeline.py
[2026-07-21T00:40:18.552+0000] {processor.py:925} INFO - DAG(s) 'painting_pipeline' retrieved from /opt/airflow/dags/painting_pipeline.py
[2026-07-21T00:40:18.574+0000] {logging_mixin.py:190} INFO - [2026-07-21T00:40:18.574+0000] {dag.py:3239} INFO - Sync 1 DAGs
[2026-07-21T00:40:18.582+0000] {logging_mixin.py:190} INFO - [2026-07-21T00:40:18.582+0000] {dag.py:4180} INFO - Setting next_dagrun for painting_pipeline to None, run_after=None
[2026-07-21T00:40:18.589+0000] {processor.py:208} INFO - Processing /opt/airflow/dags/painting_pipeline.py took 0.060 seconds
[2026-07-21T00:40:48.799+0000] {processor.py:186} INFO - Started process (PID=523) to work on /opt/airflow/dags/painting_pipeline.py
[2026-07-21T00:40:48.800+0000] {processor.py:914} INFO - Processing file /opt/airflow/dags/painting_pipeline.py for tasks to queue
[2026-07-21T00:40:48.801+0000] {logging_mixin.py:190} INFO - [2026-07-21T00:40:48.801+0000] {dagbag.py:588} INFO - Filling up the DagBag from /opt/airflow/dags/painting_pipeline.py
[2026-07-21T00:40:48.810+0000] {processor.py:925} INFO - DAG(s) 'painting_pipeline' retrieved from /opt/airflow/dags/painting_pipeline.py
[2026-07-21T00:40:48.830+0000] {logging_mixin.py:190} INFO - [2026-07-21T00:40:48.830+0000] {dag.py:3239} INFO - Sync 1 DAGs
[2026-07-21T00:40:48.837+0000] {logging_mixin.py:190} INFO - [2026-07-21T00:40:48.837+0000] {dag.py:4180} INFO - Setting next_dagrun for painting_pipeline to None, run_after=None
[2026-07-21T00:40:48.844+0000] {processor.py:208} INFO - Processing /opt/airflow/dags/painting_pipeline.py took 0.050 seconds
[2026-07-21T00:41:19.088+0000] {processor.py:186} INFO - Started process (PID=535) to work on /opt/airflow/dags/painting_pipeline.py
[2026-07-21T00:41:19.088+0000] {processor.py:914} INFO - Processing file /opt/airflow/dags/painting_pipeline.py for tasks to queue
[2026-07-21T00:41:19.089+0000] {logging_mixin.py:190} INFO - [2026-07-21T00:41:19.089+0000] {dagbag.py:588} INFO - Filling up the DagBag from /opt/airflow/dags/painting_pipeline.py
[2026-07-21T00:41:19.094+0000] {processor.py:925} INFO - DAG(s) 'painting_pipeline' retrieved from /opt/airflow/dags/painting_pipeline.py
[2026-07-21T00:41:19.107+0000] {logging_mixin.py:190} INFO - [2026-07-21T00:41:19.107+0000] {dag.py:3239} INFO - Sync 1 DAGs
[2026-07-21T00:41:19.112+0000] {logging_mixin.py:190} INFO - [2026-07-21T00:41:19.112+0000] {dag.py:4180} INFO - Setting next_dagrun for painting_pipeline to None, run_after=None
[2026-07-21T00:41:19.118+0000] {processor.py:208} INFO - Processing /opt/airflow/dags/painting_pipeline.py took 0.034 seconds
[2026-07-21T00:41:49.372+0000] {processor.py:186} INFO - Started process (PID=547) to work on /opt/airflow/dags/painting_pipeline.py
[2026-07-21T00:41:49.373+0000] {processor.py:914} INFO - Processing file /opt/airflow/dags/painting_pipeline.py for tasks to queue
[2026-07-21T00:41:49.375+0000] {logging_mixin.py:190} INFO - [2026-07-21T00:41:49.375+0000] {dagbag.py:588} INFO - Filling up the DagBag from /opt/airflow/dags/painting_pipeline.py
[2026-07-21T00:41:49.383+0000] {processor.py:925} INFO - DAG(s) 'painting_pipeline' retrieved from /opt/airflow/dags/painting_pipeline.py
[2026-07-21T00:41:49.401+0000] {logging_mixin.py:190} INFO - [2026-07-21T00:41:49.401+0000] {dag.py:3239} INFO - Sync 1 DAGs
[2026-07-21T00:41:49.408+0000] {logging_mixin.py:190} INFO - [2026-07-21T00:41:49.408+0000] {dag.py:4180} INFO - Setting next_dagrun for painting_pipeline to None, run_after=None
[2026-07-21T00:41:49.414+0000] {processor.py:208} INFO - Processing /opt/airflow/dags/painting_pipeline.py took 0.050 seconds
[2026-07-21T00:42:19.667+0000] {processor.py:186} INFO - Started process (PID=559) to work on /opt/airflow/dags/painting_pipeline.py
[2026-07-21T00:42:19.669+0000] {processor.py:914} INFO - Processing file /opt/airflow/dags/painting_pipeline.py for tasks to queue
[2026-07-21T00:42:19.672+0000] {logging_mixin.py:190} INFO - [2026-07-21T00:42:19.671+0000] {dagbag.py:588} INFO - Filling up the DagBag from /opt/airflow/dags/painting_pipeline.py
[2026-07-21T00:42:19.683+0000] {processor.py:925} INFO - DAG(s) 'painting_pipeline' retrieved from /opt/airflow/dags/painting_pipeline.py
[2026-07-21T00:42:19.707+0000] {logging_mixin.py:190} INFO - [2026-07-21T00:42:19.707+0000] {dag.py:3239} INFO - Sync 1 DAGs
[2026-07-21T00:42:19.714+0000] {logging_mixin.py:190} INFO - [2026-07-21T00:42:19.714+0000] {dag.py:4180} INFO - Setting next_dagrun for painting_pipeline to None, run_after=None
[2026-07-21T00:42:19.721+0000] {processor.py:208} INFO - Processing /opt/airflow/dags/painting_pipeline.py took 0.063 seconds
[2026-07-21T00:42:49.926+0000] {processor.py:186} INFO - Started process (PID=571) to work on /opt/airflow/dags/painting_pipeline.py
[2026-07-21T00:42:49.927+0000] {processor.py:914} INFO - Processing file /opt/airflow/dags/painting_pipeline.py for tasks to queue
[2026-07-21T00:42:49.928+0000] {logging_mixin.py:190} INFO - [2026-07-21T00:42:49.928+0000] {dagbag.py:588} INFO - Filling up the DagBag from /opt/airflow/dags/painting_pipeline.py
[2026-07-21T00:42:49.932+0000] {processor.py:925} INFO - DAG(s) 'painting_pipeline' retrieved from /opt/airflow/dags/painting_pipeline.py
[2026-07-21T00:42:49.946+0000] {logging_mixin.py:190} INFO - [2026-07-21T00:42:49.946+0000] {dag.py:3239} INFO - Sync 1 DAGs
[2026-07-21T00:42:49.952+0000] {logging_mixin.py:190} INFO - [2026-07-21T00:42:49.952+0000] {dag.py:4180} INFO - Setting next_dagrun for painting_pipeline to None, run_after=None
[2026-07-21T00:42:49.959+0000] {processor.py:208} INFO - Processing /opt/airflow/dags/painting_pipeline.py took 0.037 seconds
[2026-07-21T00:43:20.212+0000] {processor.py:186} INFO - Started process (PID=583) to work on /opt/airflow/dags/painting_pipeline.py
[2026-07-21T00:43:20.213+0000] {processor.py:914} INFO - Processing file /opt/airflow/dags/painting_pipeline.py for tasks to queue
[2026-07-21T00:43:20.215+0000] {logging_mixin.py:190} INFO - [2026-07-21T00:43:20.215+0000] {dagbag.py:588} INFO - Filling up the DagBag from /opt/airflow/dags/painting_pipeline.py
[2026-07-21T00:43:20.224+0000] {processor.py:925} INFO - DAG(s) 'painting_pipeline' retrieved from /opt/airflow/dags/painting_pipeline.py
[2026-07-21T00:43:20.244+0000] {logging_mixin.py:190} INFO - [2026-07-21T00:43:20.244+0000] {dag.py:3239} INFO - Sync 1 DAGs
[2026-07-21T00:43:20.253+0000] {logging_mixin.py:190} INFO - [2026-07-21T00:43:20.252+0000] {dag.py:4180} INFO - Setting next_dagrun for painting_pipeline to None, run_after=None
[2026-07-21T00:43:20.269+0000] {processor.py:208} INFO - Processing /opt/airflow/dags/painting_pipeline.py took 0.062 seconds
[2026-07-21T00:43:50.440+0000] {processor.py:186} INFO - Started process (PID=595) to work on /opt/airflow/dags/painting_pipeline.py
[2026-07-21T00:43:50.441+0000] {processor.py:914} INFO - Processing file /opt/airflow/dags/painting_pipeline.py for tasks to queue
[2026-07-21T00:43:50.444+0000] {logging_mixin.py:190} INFO - [2026-07-21T00:43:50.443+0000] {dagbag.py:588} INFO - Filling up the DagBag from /opt/airflow/dags/painting_pipeline.py
[2026-07-21T00:43:50.453+0000] {processor.py:925} INFO - DAG(s) 'painting_pipeline' retrieved from /opt/airflow/dags/painting_pipeline.py
[2026-07-21T00:43:50.481+0000] {logging_mixin.py:190} INFO - [2026-07-21T00:43:50.481+0000] {dag.py:3239} INFO - Sync 1 DAGs
[2026-07-21T00:43:50.489+0000] {logging_mixin.py:190} INFO - [2026-07-21T00:43:50.489+0000] {dag.py:4180} INFO - Setting next_dagrun for painting_pipeline to None, run_after=None
[2026-07-21T00:43:50.496+0000] {processor.py:208} INFO - Processing /opt/airflow/dags/painting_pipeline.py took 0.063 seconds
[2026-07-21T00:44:20.804+0000] {processor.py:186} INFO - Started process (PID=607) to work on /opt/airflow/dags/painting_pipeline.py
[2026-07-21T00:44:20.805+0000] {processor.py:914} INFO - Processing file /opt/airflow/dags/painting_pipeline.py for tasks to queue
[2026-07-21T00:44:20.812+0000] {logging_mixin.py:190} INFO - [2026-07-21T00:44:20.811+0000] {dagbag.py:588} INFO - Filling up the DagBag from /opt/airflow/dags/painting_pipeline.py
[2026-07-21T00:44:20.830+0000] {processor.py:925} INFO - DAG(s) 'painting_pipeline' retrieved from /opt/airflow/dags/painting_pipeline.py
[2026-07-21T00:44:20.857+0000] {logging_mixin.py:190} INFO - [2026-07-21T00:44:20.857+0000] {dag.py:3239} INFO - Sync 1 DAGs
[2026-07-21T00:44:20.866+0000] {logging_mixin.py:190} INFO - [2026-07-21T00:44:20.866+0000] {dag.py:4180} INFO - Setting next_dagrun for painting_pipeline to None, run_after=None
[2026-07-21T00:44:20.877+0000] {processor.py:208} INFO - Processing /opt/airflow/dags/painting_pipeline.py took 0.082 seconds
[2026-07-21T00:44:51.135+0000] {processor.py:186} INFO - Started process (PID=619) to work on /opt/airflow/dags/painting_pipeline.py
[2026-07-21T00:44:51.136+0000] {processor.py:914} INFO - Processing file /opt/airflow/dags/painting_pipeline.py for tasks to queue
[2026-07-21T00:44:51.141+0000] {logging_mixin.py:190} INFO - [2026-07-21T00:44:51.140+0000] {dagbag.py:588} INFO - Filling up the DagBag from /opt/airflow/dags/painting_pipeline.py
[2026-07-21T00:44:51.156+0000] {processor.py:925} INFO - DAG(s) 'painting_pipeline' retrieved from /opt/airflow/dags/painting_pipeline.py
[2026-07-21T00:44:51.194+0000] {logging_mixin.py:190} INFO - [2026-07-21T00:44:51.194+0000] {dag.py:3239} INFO - Sync 1 DAGs
[2026-07-21T00:44:51.203+0000] {logging_mixin.py:190} INFO - [2026-07-21T00:44:51.203+0000] {dag.py:4180} INFO - Setting next_dagrun for painting_pipeline to None, run_after=None
[2026-07-21T00:44:51.213+0000] {processor.py:208} INFO - Processing /opt/airflow/dags/painting_pipeline.py took 0.087 seconds
[2026-07-21T00:45:21.439+0000] {processor.py:186} INFO - Started process (PID=631) to work on /opt/airflow/dags/painting_pipeline.py
[2026-07-21T00:45:21.440+0000] {processor.py:914} INFO - Processing file /opt/airflow/dags/painting_pipeline.py for tasks to queue
[2026-07-21T00:45:21.443+0000] {logging_mixin.py:190} INFO - [2026-07-21T00:45:21.443+0000] {dagbag.py:588} INFO - Filling up the DagBag from /opt/airflow/dags/painting_pipeline.py
[2026-07-21T00:45:21.457+0000] {processor.py:925} INFO - DAG(s) 'painting_pipeline' retrieved from /opt/airflow/dags/painting_pipeline.py
[2026-07-21T00:45:21.483+0000] {logging_mixin.py:190} INFO - [2026-07-21T00:45:21.483+0000] {dag.py:3239} INFO - Sync 1 DAGs
[2026-07-21T00:45:21.492+0000] {logging_mixin.py:190} INFO - [2026-07-21T00:45:21.492+0000] {dag.py:4180} INFO - Setting next_dagrun for painting_pipeline to None, run_after=None
[2026-07-21T00:45:21.501+0000] {processor.py:208} INFO - Processing /opt/airflow/dags/painting_pipeline.py took 0.071 seconds
